<?xml version="1.0" encoding="UTF-8"?>
<!-- Generated by org.testng.reporters.JUnitReportReporter -->
<testsuite hostname="Pugazh" failures="0" tests="1" name="guru99Projects.Compare2Pages" time="13.649" errors="0" timestamp="2023-07-15T18:52:01 BST" skipped="0">
  <testcase classname="guru99Projects.Compare2Pages" name="compare2pages" time="13.649"/>
  <system-out/>
</testsuite> <!-- guru99Projects.Compare2Pages -->
