<?xml version="1.0" encoding="UTF-8"?>
<!-- Generated by org.testng.reporters.JUnitReportReporter -->
<testsuite hostname="Pugazh" failures="0" tests="1" name="guru99Projects.VerifyPopUpWindows" time="12.466" errors="0" timestamp="2023-07-25T15:46:05 BST" skipped="0">
  <testcase classname="guru99Projects.VerifyPopUpWindows" name="verifyPopup" time="12.466"/>
  <system-out/>
</testsuite> <!-- guru99Projects.VerifyPopUpWindows -->
